<?xml version="1.0" encoding="UTF-8"?>
<!-- Generated by org.testng.reporters.JUnitReportReporter -->
<testsuite hostname="DESKTOP-GCU9T4M" failures="0" tests="1" name="testNGPractical.FacebookLogin" time="5.492" errors="0" timestamp="2023-11-28T21:15:44 IST" skipped="0">
  <testcase classname="testNGPractical.FacebookLogin" name="FacebookLoginFunction" time="5.492"/>
</testsuite> <!-- testNGPractical.FacebookLogin -->
